<?xml version="1.0" encoding="utf-8"?><testsuites name="pytest tests"><testsuite name="pytest" errors="0" failures="0" skipped="0" tests="36" time="4.942" timestamp="2026-06-29T12:38:36.128746+00:00" hostname="agent-env-3b9c97a9-00cd-49f3-8fa7-477fa8889795"><testcase classname="tests.test_hakkiveda_migration.TestPublic" name="test_root" time="0.155" /><testcase classname="tests.test_hakkiveda_migration.TestPublic" name="test_products_list" time="0.046" /><testcase classname="tests.test_hakkiveda_migration.TestPublic" name="test_products_featured" time="0.047" /><testcase classname="tests.test_hakkiveda_migration.TestPublic" name="test_products_best_sellers" time="0.048" /><testcase classname="tests.test_hakkiveda_migration.TestPublic" name="test_product_detail_with_related_and_reviews" time="0.046" /><testcase classname="tests.test_hakkiveda_migration.TestPublic" name="test_site_content_homepage" time="0.045" /><testcase classname="tests.test_hakkiveda_migration.TestPublic" name="test_payments_config" time="0.042" /><testcase classname="tests.test_hakkiveda_migration.TestAuth" name="test_register_and_login" time="0.545" /><testcase classname="tests.test_hakkiveda_migration.TestAuth" name="test_admin_login" time="0.266" /><testcase classname="tests.test_hakkiveda_migration.TestAuth" name="test_me" time="0.050" /><testcase classname="tests.test_hakkiveda_migration.TestAuth" name="test_forgot_password" time="0.824" /><testcase classname="tests.test_hakkiveda_migration.TestCartWishlistAddress" name="test_cart_flow" time="0.234" /><testcase classname="tests.test_hakkiveda_migration.TestCartWishlistAddress" name="test_wishlist_toggle" time="0.142" /><testcase classname="tests.test_hakkiveda_migration.TestCartWishlistAddress" name="test_addresses" time="0.099" /><testcase classname="tests.test_hakkiveda_migration.TestCoupons" name="test_tribal10" time="0.049" /><testcase classname="tests.test_hakkiveda_migration.TestCoupons" name="test_ayur20_min" time="0.092" /><testcase classname="tests.test_hakkiveda_migration.TestCoupons" name="test_hakki500_min" time="0.090" /><testcase classname="tests.test_hakkiveda_migration.TestCheckoutOrders" name="test_checkout_creates_hkv_order" time="0.142" /><testcase classname="tests.test_hakkiveda_migration.TestCheckoutOrders" name="test_list_and_get_order" time="0.266" /><testcase classname="tests.test_hakkiveda_migration.TestMisc" name="test_review_create" time="0.090" /><testcase classname="tests.test_hakkiveda_migration.TestMisc" name="test_newsletter" time="0.046" /><testcase classname="tests.test_hakkiveda_migration.TestMisc" name="test_contact" time="0.051" /><testcase classname="tests.test_hakkiveda_migration.TestAIFallbacks" name="test_chat_fallback" time="0.059" /><testcase classname="tests.test_hakkiveda_migration.TestAIFallbacks" name="test_quiz_fallback_hair" time="0.049" /><testcase classname="tests.test_hakkiveda_migration.TestAIFallbacks" name="test_quiz_fallback_skin" time="0.046" /><testcase classname="tests.test_hakkiveda_migration.TestAdmin" name="test_admin_requires_token" time="0.078" /><testcase classname="tests.test_hakkiveda_migration.TestAdmin" name="test_admin_stats" time="0.045" /><testcase classname="tests.test_hakkiveda_migration.TestAdmin" name="test_admin_lists" time="0.356" /><testcase classname="tests.test_hakkiveda_migration.TestAdmin" name="test_admin_forbidden_for_user" time="0.043" /><testcase classname="tests.test_hakkiveda_migration.TestAdmin" name="test_admin_products_crud" time="0.133" /><testcase classname="tests.test_hakkiveda_migration.TestAdmin" name="test_admin_coupons_crud" time="0.088" /><testcase classname="tests.test_hakkiveda_migration.TestAdmin" name="test_admin_order_status" time="0.186" /><testcase classname="tests.test_hakkiveda_migration.TestAdmin" name="test_admin_blog_crud" time="0.134" /><testcase classname="tests.test_hakkiveda_migration.TestAdmin" name="test_admin_site_content_update" time="0.046" /><testcase classname="tests.test_hakkiveda_migration.TestAdmin" name="test_admin_profile_update" time="0.046" /><testcase classname="tests.test_hakkiveda_migration.TestAdmin" name="test_admin_upload_and_delete" time="0.142" /></testsuite></testsuites>